Compiled jquery.js  (20ms)  (pid 20096)
Compiled jquery_ujs.js  (0ms)  (pid 20096)
Compiled users.js  (140ms)  (pid 20096)
Compiled bootstrap-transition.js  (0ms)  (pid 20096)
Compiled bootstrap-alert.js  (0ms)  (pid 20096)
Compiled bootstrap-button.js  (0ms)  (pid 20096)
Compiled bootstrap-carousel.js  (0ms)  (pid 20096)
Compiled bootstrap-collapse.js  (0ms)  (pid 20096)
Compiled bootstrap-dropdown.js  (0ms)  (pid 20096)
Compiled bootstrap-modal.js  (0ms)  (pid 20096)
Compiled bootstrap-scrollspy.js  (0ms)  (pid 20096)
Compiled bootstrap-tab.js  (0ms)  (pid 20096)
Compiled bootstrap-tooltip.js  (0ms)  (pid 20096)
Compiled bootstrap-popover.js  (0ms)  (pid 20096)
Compiled bootstrap-typeahead.js  (0ms)  (pid 20096)
Compiled bootstrap.js  (72ms)  (pid 20096)
Compiled application.js  (257ms)  (pid 20096)
Compiled bootstrap-nut.css  (1307ms)  (pid 20096)
Compiled application.css  (1313ms)  (pid 20096)
Compiled jquery.js  (19ms)  (pid 20096)
Compiled jquery_ujs.js  (0ms)  (pid 20096)
Compiled users.js  (145ms)  (pid 20096)
Compiled bootstrap-transition.js  (0ms)  (pid 20096)
Compiled bootstrap-alert.js  (0ms)  (pid 20096)
Compiled bootstrap-button.js  (0ms)  (pid 20096)
Compiled bootstrap-carousel.js  (0ms)  (pid 20096)
Compiled bootstrap-collapse.js  (0ms)  (pid 20096)
Compiled bootstrap-dropdown.js  (0ms)  (pid 20096)
Compiled bootstrap-modal.js  (0ms)  (pid 20096)
Compiled bootstrap-scrollspy.js  (0ms)  (pid 20096)
Compiled bootstrap-tab.js  (0ms)  (pid 20096)
Compiled bootstrap-tooltip.js  (0ms)  (pid 20096)
Compiled bootstrap-popover.js  (0ms)  (pid 20096)
Compiled bootstrap-typeahead.js  (0ms)  (pid 20096)
Compiled bootstrap.js  (69ms)  (pid 20096)
Compiled application.js  (260ms)  (pid 20096)
Compiled bootstrap-nut.css  (1226ms)  (pid 20096)
Compiled application.css  (1231ms)  (pid 20096)
Compiled jquery.js  (21ms)  (pid 20948)
Compiled jquery_ujs.js  (0ms)  (pid 20948)
Compiled users.js  (142ms)  (pid 20948)
Compiled bootstrap-transition.js  (0ms)  (pid 20948)
Compiled bootstrap-alert.js  (0ms)  (pid 20948)
Compiled bootstrap-button.js  (0ms)  (pid 20948)
Compiled bootstrap-carousel.js  (0ms)  (pid 20948)
Compiled bootstrap-collapse.js  (0ms)  (pid 20948)
Compiled bootstrap-dropdown.js  (0ms)  (pid 20948)
Compiled bootstrap-modal.js  (0ms)  (pid 20948)
Compiled bootstrap-scrollspy.js  (0ms)  (pid 20948)
Compiled bootstrap-tab.js  (0ms)  (pid 20948)
Compiled bootstrap-tooltip.js  (0ms)  (pid 20948)
Compiled bootstrap-popover.js  (0ms)  (pid 20948)
Compiled bootstrap-typeahead.js  (0ms)  (pid 20948)
Compiled bootstrap.js  (77ms)  (pid 20948)
Compiled application.js  (266ms)  (pid 20948)
Compiled bootstrap-nut.css  (1346ms)  (pid 20948)
Compiled image.css  (56ms)  (pid 20948)
Compiled application.css  (1413ms)  (pid 20948)
Compiled jquery.js  (21ms)  (pid 20948)
Compiled jquery_ujs.js  (0ms)  (pid 20948)
Compiled users.js  (157ms)  (pid 20948)
Compiled bootstrap-transition.js  (0ms)  (pid 20948)
Compiled bootstrap-alert.js  (0ms)  (pid 20948)
Compiled bootstrap-button.js  (0ms)  (pid 20948)
Compiled bootstrap-carousel.js  (0ms)  (pid 20948)
Compiled bootstrap-collapse.js  (0ms)  (pid 20948)
Compiled bootstrap-dropdown.js  (0ms)  (pid 20948)
Compiled bootstrap-modal.js  (0ms)  (pid 20948)
Compiled bootstrap-scrollspy.js  (0ms)  (pid 20948)
Compiled bootstrap-tab.js  (0ms)  (pid 20948)
Compiled bootstrap-tooltip.js  (0ms)  (pid 20948)
Compiled bootstrap-popover.js  (0ms)  (pid 20948)
Compiled bootstrap-typeahead.js  (0ms)  (pid 20948)
Compiled bootstrap.js  (88ms)  (pid 20948)
Compiled application.js  (295ms)  (pid 20948)
Compiled bootstrap-nut.css  (1484ms)  (pid 20948)
Compiled image.css  (59ms)  (pid 20948)
Compiled application.css  (1554ms)  (pid 20948)
